#
# A fatal error has been detected by the Java Runtime Environment:
#
#  EXCEPTION_ACCESS_VIOLATION (0xc0000005) at pc=0x0000000002836f80, pid=7408, tid=0x0000000000001490
#
# JRE version: OpenJDK Runtime Environment (8.0_152-b01) (build 1.8.0_152-release-915-b01)
# Java VM: OpenJDK 64-Bit Server VM (25.152-b01 mixed mode windows-amd64 compressed oops)
# Problematic frame:
# j  com.android.build.gradle.internal.dsl.ExternalNativeNdkBuildOptions.<init>()V+12
#
# Failed to write core dump. Minidumps are not enabled by default on client versions of Windows
#
# If you would like to submit a bug report, please visit:
#   http://bugreport.java.com/bugreport/crash.jsp
#

---------------  T H R E A D  ---------------

Current thread (0x000000001ce8b000):  JavaThread "Daemon worker Thread 12" [_thread_in_Java, id=5264, stack(0x000000001b870000,0x000000001b970000)]

siginfo: ExceptionCode=0xc0000005, writing address 0x00000008e829a680

Registers:
RAX=0x00000000e829a6c0, RBX=0x0000000800000010, RCX=0x00000000e829a670, RDX=0x0000000000000000
RSP=0x000000001b96ad30, RBP=0x000000001b96ad70, RSI=0x0000000000001001, RDI=0x0000000000004000
R8 =0x00000000e829a650, R9 =0x00000000a11dbc38, R10=0x00000000763736b0, R11=0x00000000116d0000
R12=0x0000000000000000, R13=0x0000000020d3bc07, R14=0x000000001b96ad80, R15=0x000000001ce8b000
RIP=0x0000000002836f80, EFLAGS=0x0000000000010216

Top of Stack: (sp=0x000000001b96ad30)
0x000000001b96ad30:   000000001b96ad30 0000000020d3bc04
0x000000001b96ad40:   000000001b96ad80 0000000020d3f130
0x000000001b96ad50:   0000000000000000 0000000020d3bc40
0x000000001b96ad60:   0000000000000000 000000001b96ad80
0x000000001b96ad70:   000000001b96adc8 000000000281809d
0x000000001b96ad80:   00000000e829a670 000000001b96ad88
0x000000001b96ad90:   0000000020d50949 000000001b96add8
0x000000001b96ada0:   0000000020d509e8 0000000000000000
0x000000001b96adb0:   0000000020d50950 000000001b96ad80
0x000000001b96adc0:   000000001b96add8 000000001b96ae28
0x000000001b96add0:   000000000281809d 00000000e829a670
0x000000001b96ade0:   00000000e829a670 000000001b96ade8
0x000000001b96adf0:   000000001e546d18 000000001b96ae40
0x000000001b96ae00:   000000001e546da8 0000000000000000
0x000000001b96ae10:   000000001e546d50 000000001b96add8
0x000000001b96ae20:   000000001b96ae50 0000000000000000 

Instructions: (pc=0x0000000002836f80)
0x0000000002836f60:   58 41 0f b7 5d 01 48 8b 4d d8 c1 e3 02 8b 54 d9
0x0000000002836f70:   28 48 8b 5c d9 20 c1 ea 15 83 e2 01 59 48 3b 01
0x0000000002836f80:   89 04 19 48 c1 e9 09 c6 04 0d 00 00 6d 11 00 85
0x0000000002836f90:   d2 0f 84 05 00 00 00 f0 83 04 24 00 41 0f b6 5d 


Register to memory mapping:

RAX=0x00000000e829a6c0 is an oop
java.util.ArrayList 
 - klass: 'java/util/ArrayList'
RBX=0x0000000800000010 is an unknown value
RCX=0x00000000e829a670 is an oop
com.android.build.gradle.internal.dsl.ExternalNativeNdkBuildOptions_Decorated 
 - klass: 'com/android/build/gradle/internal/dsl/ExternalNativeNdkBuildOptions_Decorated'
RDX=0x0000000000000000 is an unknown value
RSP=0x000000001b96ad30 is pointing into the stack for thread: 0x000000001ce8b000
RBP=0x000000001b96ad70 is pointing into the stack for thread: 0x000000001ce8b000
RSI=0x0000000000001001 is an unknown value
RDI=0x0000000000004000 is an unknown value
R8 =0x00000000e829a650 is an oop
[Ljava.lang.Object; 
 - klass: 'java/lang/Object'[]
 - length: 0
R9 =0x00000000a11dbc38 is an oop
java.lang.reflect.Constructor 
 - klass: 'java/lang/reflect/Constructor'
R10=0x00000000763736b0 is an unknown value
R11=0x00000000116d0000 is an unknown value
R12=0x0000000000000000 is an unknown value
R13=0x0000000020d3bc07 is pointing into metadata
R14=0x000000001b96ad80 is pointing into the stack for thread: 0x000000001ce8b000
R15=0x000000001ce8b000 is a thread


Stack: [0x000000001b870000,0x000000001b970000],  sp=0x000000001b96ad30,  free space=1003k
Native frames: (J=compiled Java code, j=interpreted, Vv=VM code, C=native code)
C  0x0000000002836f80


---------------  P R O C E S S  ---------------

Java Threads: ( => current thread )
  0x0000000017d26000 JavaThread "build operations Thread 4" [_thread_blocked, id=5540, stack(0x00000000238f0000,0x00000000239f0000)]
  0x0000000017d25000 JavaThread "build operations Thread 3" [_thread_blocked, id=5424, stack(0x00000000235f0000,0x00000000236f0000)]
  0x0000000017d21800 JavaThread "build operations Thread 2" [_thread_blocked, id=5580, stack(0x0000000021820000,0x0000000021920000)]
  0x0000000017d23800 JavaThread "build operations" [_thread_blocked, id=2916, stack(0x00000000212d0000,0x00000000213d0000)]
  0x0000000017d24800 JavaThread "Cache worker for Artifact transforms cache (C:\Users\Mansopresk01\.gradle\caches\transforms-1)" [_thread_blocked, id=5800, stack(0x000000001fcb0000,0x000000001fdb0000)]
  0x0000000017d1c000 JavaThread "Cache worker for file hash cache (D:\AcService\.gradle\4.1\fileHashes)" [_thread_blocked, id=5276, stack(0x000000001bf70000,0x000000001c070000)]
  0x000000001ce88800 JavaThread "Stdin handler" [_thread_blocked, id=5184, stack(0x000000001ba70000,0x000000001bb70000)]
  0x000000001ce88000 JavaThread "Asynchronous log dispatcher for DefaultDaemonConnection: socket connection from /127.0.0.1:49947 to /127.0.0.1:52107" [_thread_blocked, id=5244, stack(0x000000001b970000,0x000000001ba70000)]
=>0x000000001ce8b000 JavaThread "Daemon worker Thread 12" [_thread_in_Java, id=5264, stack(0x000000001b870000,0x000000001b970000)]
  0x000000001ce89800 JavaThread "Cancel handler" [_thread_blocked, id=5240, stack(0x000000001b770000,0x000000001b870000)]
  0x000000001ce8a000 JavaThread "Handler for socket connection from /127.0.0.1:49947 to /127.0.0.1:52107" [_thread_in_native, id=5260, stack(0x000000001b470000,0x000000001b570000)]
  0x000000001ce84000 JavaThread "Daemon Thread 12" [_thread_blocked, id=5256, stack(0x000000001b370000,0x000000001b470000)]
  0x000000001c734800 JavaThread "pool-16-thread-1" [_thread_blocked, id=7016, stack(0x0000000026080000,0x0000000026180000)]
  0x0000000017d20000 JavaThread "Memory manager" [_thread_blocked, id=1308, stack(0x0000000020bd0000,0x0000000020cd0000)]
  0x0000000017d1d800 JavaThread "pool-1-thread-1" [_thread_blocked, id=5600, stack(0x00000000208d0000,0x00000000209d0000)]
  0x0000000019310800 JavaThread "File lock request listener" [_thread_in_native, id=6940, stack(0x000000001bc70000,0x000000001bd70000)]
  0x00000000194ba800 JavaThread "Cache worker for file hash cache (C:\Users\Mansopresk01\.gradle\caches\4.1\fileHashes)" [_thread_blocked, id=2060, stack(0x000000001bb70000,0x000000001bc70000)]
  0x000000001936e800 JavaThread "Daemon periodic checks" [_thread_blocked, id=3148, stack(0x000000001b270000,0x000000001b370000)]
  0x0000000019816000 JavaThread "Incoming local TCP Connector on port 49947" [_thread_in_native, id=3156, stack(0x0000000019880000,0x0000000019980000)]
  0x0000000017ad8800 JavaThread "Service Thread" daemon [_thread_blocked, id=4812, stack(0x0000000017eb0000,0x0000000017fb0000)]
  0x0000000016182000 JavaThread "C1 CompilerThread2" daemon [_thread_in_vm, id=2636, stack(0x00000000179b0000,0x0000000017ab0000)]
  0x000000001617f000 JavaThread "C2 CompilerThread1" daemon [_thread_in_native, id=7028, stack(0x00000000178b0000,0x00000000179b0000)]
  0x0000000016179000 JavaThread "C2 CompilerThread0" daemon [_thread_in_native, id=6804, stack(0x00000000177b0000,0x00000000178b0000)]
  0x0000000016178000 JavaThread "Attach Listener" daemon [_thread_blocked, id=6860, stack(0x00000000176b0000,0x00000000177b0000)]
  0x0000000016186800 JavaThread "Signal Dispatcher" daemon [_thread_blocked, id=6416, stack(0x00000000175b0000,0x00000000176b0000)]
  0x000000000280e000 JavaThread "Finalizer" daemon [_thread_blocked, id=6100, stack(0x00000000173d0000,0x00000000174d0000)]
  0x0000000002803000 JavaThread "Reference Handler" daemon [_thread_blocked, id=6252, stack(0x00000000172d0000,0x00000000173d0000)]
  0x000000000270d800 JavaThread "main" [_thread_blocked, id=7136, stack(0x00000000025e0000,0x00000000026e0000)]

Other Threads:
  0x0000000016146000 VMThread [stack: 0x00000000171d0000,0x00000000172d0000] [id=2700]
  0x00000000161de800 WatcherThread [stack: 0x0000000017fb0000,0x00000000180b0000] [id=5928]

VM state:not at safepoint (normal execution)

VM Mutex/Monitor currently owned by a thread:  ([mutex/lock_event])
[0x000000000270bf00] CodeCache_lock - owner thread: 0x0000000016182000

Heap:
 PSYoungGen      total 281600K, used 150492K [0x00000000e0000000, 0x00000000f5100000, 0x0000000100000000)
  eden space 264704K, 50% used [0x00000000e0000000,0x00000000e82d50e8,0x00000000f0280000)
  from space 16896K, 97% used [0x00000000f2980000,0x00000000f39a22f0,0x00000000f3a00000)
  to   space 23552K, 0% used [0x00000000f3a00000,0x00000000f3a00000,0x00000000f5100000)
 ParOldGen       total 121856K, used 72566K [0x00000000a0000000, 0x00000000a7700000, 0x00000000e0000000)
  object space 121856K, 59% used [0x00000000a0000000,0x00000000a46ddae0,0x00000000a7700000)
 Metaspace       used 87614K, capacity 95920K, committed 96000K, reserved 1132544K
  class space    used 11217K, capacity 13043K, committed 13056K, reserved 1048576K

Card table byte_map: [0x0000000011bd0000,0x0000000011ee0000] byte_map_base: 0x00000000116d0000

Marking Bits: (ParMarkBitMap*) 0x0000000076383950
 Begin Bits: [0x00000000124e0000, 0x0000000013ce0000)
 End Bits:   [0x0000000013ce0000, 0x00000000154e0000)

Polling page: 0x0000000000d50000

CodeCache: size=245760Kb used=65837Kb max_used=65899Kb free=179922Kb
 bounds [0x0000000002810000, 0x00000000068e0000, 0x0000000011810000]
 total_blobs=19156 nmethods=18280 adapters=787
 compilation: enabled

Compilation events (10 events):
Event: 15543.162 Thread 0x0000000016182000 23819       3       com.google.common.cache.LocalCache$Segment::preWriteCleanup (6 bytes)
Event: 15543.163 Thread 0x0000000016182000 nmethod 23819 0x0000000002b4f050 code [0x0000000002b4f1c0, 0x0000000002b4f368]
Event: 15543.164 Thread 0x0000000016182000 23820       3       com.google.common.cache.LocalCache::unset (4 bytes)
Event: 15543.164 Thread 0x0000000016182000 nmethod 23820 0x0000000004a9df90 code [0x0000000004a9e0e0, 0x0000000004a9e210]
Event: 15543.212 Thread 0x0000000016182000 23821       3       com.google.common.cache.LocalCache$StrongEntry::setValueReference (6 bytes)
Event: 15543.212 Thread 0x0000000016182000 nmethod 23821 0x00000000068a4e90 code [0x00000000068a4fe0, 0x00000000068a5150]
Event: 15543.214 Thread 0x0000000016182000 23822       1       com.google.common.cache.LocalCache$1::isActive (2 bytes)
Event: 15543.215 Thread 0x0000000016182000 nmethod 23822 0x000000000688dc90 code [0x000000000688dde0, 0x000000000688def0]
Event: 15543.229 Thread 0x0000000016182000 23823       3       org.gradle.model.internal.inspect.AbstractMethodRuleAction::<init> (15 bytes)
Event: 15543.230 Thread 0x0000000016182000 nmethod 23823 0x0000000002cbc090 code [0x0000000002cbc1e0, 0x0000000002cbc3b0]

GC Heap History (10 events):
Event: 9508.582 GC heap before
{Heap before GC invocations=24 (full 3):
 PSYoungGen      total 342528K, used 342240K [0x00000000e0000000, 0x00000000f9200000, 0x0000000100000000)
  eden space 325632K, 100% used [0x00000000e0000000,0x00000000f3e00000,0x00000000f3e00000)
  from space 16896K, 98% used [0x00000000f8180000,0x00000000f91b8270,0x00000000f9200000)
  to   space 32256K, 0% used [0x00000000f5300000,0x00000000f5300000,0x00000000f7280000)
 ParOldGen       total 121856K, used 63816K [0x00000000a0000000, 0x00000000a7700000, 0x00000000e0000000)
  object space 121856K, 52% used [0x00000000a0000000,0x00000000a3e52150,0x00000000a7700000)
 Metaspace       used 85389K, capacity 91662K, committed 91904K, reserved 1128448K
  class space    used 10862K, capacity 12255K, committed 12288K, reserved 1048576K
Event: 9508.614 GC heap after
Heap after GC invocations=24 (full 3):
 PSYoungGen      total 335872K, used 23218K [0x00000000e0000000, 0x00000000f8200000, 0x0000000100000000)
  eden space 312320K, 0% used [0x00000000e0000000,0x00000000e0000000,0x00000000f3100000)
  from space 23552K, 98% used [0x00000000f5300000,0x00000000f69ac900,0x00000000f6a00000)
  to   space 24576K, 0% used [0x00000000f6a00000,0x00000000f6a00000,0x00000000f8200000)
 ParOldGen       total 121856K, used 63816K [0x00000000a0000000, 0x00000000a7700000, 0x00000000e0000000)
  object space 121856K, 52% used [0x00000000a0000000,0x00000000a3e52150,0x00000000a7700000)
 Metaspace       used 85389K, capacity 91662K, committed 91904K, reserved 1128448K
  class space    used 10862K, capacity 12255K, committed 12288K, reserved 1048576K
}
Event: 9755.889 GC heap before
{Heap before GC invocations=25 (full 3):
 PSYoungGen      total 335872K, used 335538K [0x00000000e0000000, 0x00000000f8200000, 0x0000000100000000)
  eden space 312320K, 100% used [0x00000000e0000000,0x00000000f3100000,0x00000000f3100000)
  from space 23552K, 98% used [0x00000000f5300000,0x00000000f69ac900,0x00000000f6a00000)
  to   space 24576K, 0% used [0x00000000f6a00000,0x00000000f6a00000,0x00000000f8200000)
 ParOldGen       total 121856K, used 63816K [0x00000000a0000000, 0x00000000a7700000, 0x00000000e0000000)
  object space 121856K, 52% used [0x00000000a0000000,0x00000000a3e52150,0x00000000a7700000)
 Metaspace       used 85775K, capacity 92480K, committed 92544K, reserved 1130496K
  class space    used 10925K, capacity 12410K, committed 12416K, reserved 1048576K
Event: 9755.934 GC heap after
Heap after GC invocations=25 (full 3):
 PSYoungGen      total 320512K, used 20596K [0x00000000e0000000, 0x00000000f7e80000, 0x0000000100000000)
  eden space 299520K, 0% used [0x00000000e0000000,0x00000000e0000000,0x00000000f2480000)
  from space 20992K, 98% used [0x00000000f6a00000,0x00000000f7e1d110,0x00000000f7e80000)
  to   space 32768K, 0% used [0x00000000f3e80000,0x00000000f3e80000,0x00000000f5e80000)
 ParOldGen       total 121856K, used 63824K [0x00000000a0000000, 0x00000000a7700000, 0x00000000e0000000)
  object space 121856K, 52% used [0x00000000a0000000,0x00000000a3e54150,0x00000000a7700000)
 Metaspace       used 85775K, capacity 92480K, committed 92544K, reserved 1130496K
  class space    used 10925K, capacity 12410K, committed 12416K, reserved 1048576K
}
Event: 9888.697 GC heap before
{Heap before GC invocations=26 (full 3):
 PSYoungGen      total 320512K, used 320116K [0x00000000e0000000, 0x00000000f7e80000, 0x0000000100000000)
  eden space 299520K, 100% used [0x00000000e0000000,0x00000000f2480000,0x00000000f2480000)
  from space 20992K, 98% used [0x00000000f6a00000,0x00000000f7e1d110,0x00000000f7e80000)
  to   space 32768K, 0% used [0x00000000f3e80000,0x00000000f3e80000,0x00000000f5e80000)
 ParOldGen       total 121856K, used 63824K [0x00000000a0000000, 0x00000000a7700000, 0x00000000e0000000)
  object space 121856K, 52% used [0x00000000a0000000,0x00000000a3e54150,0x00000000a7700000)
 Metaspace       used 86675K, capacity 94414K, committed 94464K, reserved 1130496K
  class space    used 11093K, capacity 12761K, committed 12800K, reserved 1048576K
Event: 9888.751 GC heap after
Heap after GC invocations=26 (full 3):
 PSYoungGen      total 305664K, used 18082K [0x00000000e0000000, 0x00000000f6a80000, 0x0000000100000000)
  eden space 287232K, 0% used [0x00000000e0000000,0x00000000e0000000,0x00000000f1880000)
  from space 18432K, 98% used [0x00000000f3e80000,0x00000000f5028ab0,0x00000000f5080000)
  to   space 26624K, 0% used [0x00000000f5080000,0x00000000f5080000,0x00000000f6a80000)
 ParOldGen       total 121856K, used 63832K [0x00000000a0000000, 0x00000000a7700000, 0x00000000e0000000)
  object space 121856K, 52% used [0x00000000a0000000,0x00000000a3e56150,0x00000000a7700000)
 Metaspace       used 86675K, capacity 94414K, committed 94464K, reserved 1130496K
  class space    used 11093K, capacity 12761K, committed 12800K, reserved 1048576K
}
Event: 11285.334 GC heap before
{Heap before GC invocations=27 (full 3):
 PSYoungGen      total 305664K, used 305314K [0x00000000e0000000, 0x00000000f6a80000, 0x0000000100000000)
  eden space 287232K, 100% used [0x00000000e0000000,0x00000000f1880000,0x00000000f1880000)
  from space 18432K, 98% used [0x00000000f3e80000,0x00000000f5028ab0,0x00000000f5080000)
  to   space 26624K, 0% used [0x00000000f5080000,0x00000000f5080000,0x00000000f6a80000)
 ParOldGen       total 121856K, used 63832K [0x00000000a0000000, 0x00000000a7700000, 0x00000000e0000000)
  object space 121856K, 52% used [0x00000000a0000000,0x00000000a3e56150,0x00000000a7700000)
 Metaspace       used 86926K, capacity 94942K, committed 95104K, reserved 1132544K
  class space    used 11124K, capacity 12837K, committed 12928K, reserved 1048576K
Event: 11285.396 GC heap after
Heap after GC invocations=27 (full 3):
 PSYoungGen      total 302080K, used 26610K [0x00000000e0000000, 0x00000000f6a80000, 0x0000000100000000)
  eden space 275456K, 0% used [0x00000000e0000000,0x00000000e0000000,0x00000000f0d00000)
  from space 26624K, 99% used [0x00000000f5080000,0x00000000f6a7c9e0,0x00000000f6a80000)
  to   space 33280K, 0% used [0x00000000f2980000,0x00000000f2980000,0x00000000f4a00000)
 ParOldGen       total 121856K, used 64289K [0x00000000a0000000, 0x00000000a7700000, 0x00000000e0000000)
  object space 121856K, 52% used [0x00000000a0000000,0x00000000a3ec86e8,0x00000000a7700000)
 Metaspace       used 86926K, capacity 94942K, committed 95104K, reserved 1132544K
  class space    used 11124K, capacity 12837K, committed 12928K, reserved 1048576K
}
Event: 11290.505 GC heap before
{Heap before GC invocations=28 (full 3):
 PSYoungGen      total 302080K, used 301897K [0x00000000e0000000, 0x00000000f6a80000, 0x0000000100000000)
  eden space 275456K, 99% used [0x00000000e0000000,0x00000000f0cd5d38,0x00000000f0d00000)
  from space 26624K, 99% used [0x00000000f5080000,0x00000000f6a7c9e0,0x00000000f6a80000)
  to   space 33280K, 0% used [0x00000000f2980000,0x00000000f2980000,0x00000000f4a00000)
 ParOldGen       total 121856K, used 64289K [0x00000000a0000000, 0x00000000a7700000, 0x00000000e0000000)
  object space 121856K, 52% used [0x00000000a0000000,0x00000000a3ec86e8,0x00000000a7700000)
 Metaspace       used 87073K, capacity 95142K, committed 95360K, reserved 1132544K
  class space    used 11125K, capacity 12837K, committed 12928K, reserved 1048576K
Event: 11290.581 GC heap after
Heap after GC invocations=28 (full 3):
 PSYoungGen      total 281600K, used 16520K [0x00000000e0000000, 0x00000000f5100000, 0x0000000100000000)
  eden space 264704K, 0% used [0x00000000e0000000,0x00000000e0000000,0x00000000f0280000)
  from space 16896K, 97% used [0x00000000f2980000,0x00000000f39a22f0,0x00000000f3a00000)
  to   space 23552K, 0% used [0x00000000f3a00000,0x00000000f3a00000,0x00000000f5100000)
 ParOldGen       total 121856K, used 72566K [0x00000000a0000000, 0x00000000a7700000, 0x00000000e0000000)
  object space 121856K, 59% used [0x00000000a0000000,0x00000000a46ddae0,0x00000000a7700000)
 Metaspace       used 87073K, capacity 95142K, committed 95360K, reserved 1132544K
  class space    used 11125K, capacity 12837K, committed 12928K, reserved 1048576K
}

Deoptimization events (10 events):
Event: 15537.755 Thread 0x000000001ce8b000 Uncommon trap: reason=unstable_if action=reinterpret pc=0x0000000005bb1f3c method=org.gradle.api.internal.file.FileOrUriNotationConverter.convert(Ljava/lang/Object;Lorg/gradle/internal/typeconversion/NotationConvertResult;)V @ 250
Event: 15537.814 Thread 0x000000001ce8b000 Uncommon trap: reason=class_check action=maybe_recompile pc=0x00000000057cc748 method=org.gradle.api.internal.artifacts.transform.DefaultArtifactTransforms$AttributeMatchingVariantSelector.doSelect(Lorg/gradle/api/internal/artifacts/ivyservice/resolveengi
Event: 15537.841 Thread 0x000000001ce8b000 Uncommon trap: reason=bimorphic action=maybe_recompile pc=0x00000000057b20bc method=org.gradle.internal.component.model.ComponentAttributeMatcher.match(Lorg/gradle/internal/component/model/AttributeSelectionSchema;Ljava/util/Collection;Lorg/gradle/api/att
Event: 15537.861 Thread 0x000000001ce8b000 Uncommon trap: reason=class_check action=maybe_recompile pc=0x00000000057cc748 method=org.gradle.api.internal.artifacts.transform.DefaultArtifactTransforms$AttributeMatchingVariantSelector.doSelect(Lorg/gradle/api/internal/artifacts/ivyservice/resolveengi
Event: 15537.861 Thread 0x000000001ce8b000 Uncommon trap: reason=bimorphic action=maybe_recompile pc=0x00000000057b20bc method=org.gradle.internal.component.model.ComponentAttributeMatcher.match(Lorg/gradle/internal/component/model/AttributeSelectionSchema;Ljava/util/Collection;Lorg/gradle/api/att
Event: 15537.861 Thread 0x000000001ce8b000 Uncommon trap: reason=class_check action=maybe_recompile pc=0x00000000057cc748 method=org.gradle.api.internal.artifacts.transform.DefaultArtifactTransforms$AttributeMatchingVariantSelector.doSelect(Lorg/gradle/api/internal/artifacts/ivyservice/resolveengi
Event: 15537.861 Thread 0x000000001ce8b000 Uncommon trap: reason=bimorphic action=maybe_recompile pc=0x00000000057b20bc method=org.gradle.internal.component.model.ComponentAttributeMatcher.match(Lorg/gradle/internal/component/model/AttributeSelectionSchema;Ljava/util/Collection;Lorg/gradle/api/att
Event: 15537.861 Thread 0x000000001ce8b000 Uncommon trap: reason=class_check action=maybe_recompile pc=0x00000000057cc748 method=org.gradle.api.internal.artifacts.transform.DefaultArtifactTransforms$AttributeMatchingVariantSelector.doSelect(Lorg/gradle/api/internal/artifacts/ivyservice/resolveengi
Event: 15537.861 Thread 0x000000001ce8b000 Uncommon trap: reason=bimorphic action=maybe_recompile pc=0x00000000057b20bc method=org.gradle.internal.component.model.ComponentAttributeMatcher.match(Lorg/gradle/internal/component/model/AttributeSelectionSchema;Ljava/util/Collection;Lorg/gradle/api/att
Event: 15538.013 Thread 0x000000001ce8b000 Uncommon trap: reason=predicate action=maybe_recompile pc=0x0000000005774b18 method=org.objectweb.asm.ClassReader.readCode(Lorg/objectweb/asm/MethodVisitor;Lorg/objectweb/asm/Context;I)V @ 461

Classes redefined (0 events):
No events

Internal exceptions (10 events):
Event: 15540.681 Thread 0x000000001ce8b000 Exception <a 'java/lang/ClassNotFoundException': org/jetbrains/plugins/gradle/tooling/builder/WarModelBuilderImplCustomizer> (0x00000000e51a3c00) thrown at [D:\src\AOSP-openjdk-cygwin\jdk8u\hotspot\src\share\vm\classfile\systemDictionary.cpp, line 210]
Event: 15540.758 Thread 0x000000001ce8b000 Exception <a 'java/lang/ClassNotFoundException': org/jetbrains/plugins/gradle/tooling/builder/EarModelBuilderImplBeanInfo> (0x00000000e51da090) thrown at [D:\src\AOSP-openjdk-cygwin\jdk8u\hotspot\src\share\vm\classfile\systemDictionary.cpp, line 210]
Event: 15540.768 Thread 0x000000001ce8b000 Exception <a 'java/lang/ClassNotFoundException': org/jetbrains/plugins/gradle/tooling/builder/EarModelBuilderImplCustomizer> (0x00000000e51e1800) thrown at [D:\src\AOSP-openjdk-cygwin\jdk8u\hotspot\src\share\vm\classfile\systemDictionary.cpp, line 210]
Event: 15540.887 Thread 0x000000001ce8b000 Exception <a 'java/lang/ClassNotFoundException': org/jetbrains/plugins/gradle/tooling/builder/ScalaModelBuilderImplBeanInfo> (0x00000000e52398d8) thrown at [D:\src\AOSP-openjdk-cygwin\jdk8u\hotspot\src\share\vm\classfile\systemDictionary.cpp, line 210]
Event: 15540.888 Thread 0x000000001ce8b000 Exception <a 'java/lang/ClassNotFoundException': org/jetbrains/plugins/gradle/tooling/builder/ScalaModelBuilderImplCustomizer> (0x00000000e52411b8) thrown at [D:\src\AOSP-openjdk-cygwin\jdk8u\hotspot\src\share\vm\classfile\systemDictionary.cpp, line 210]
Event: 15541.122 Thread 0x000000001ce8b000 Exception <a 'java/lang/ClassNotFoundException': org/jetbrains/plugins/gradle/tooling/builder/ExternalProjectBuilderImplBeanInfo> (0x00000000e5293ec0) thrown at [D:\src\AOSP-openjdk-cygwin\jdk8u\hotspot\src\share\vm\classfile\systemDictionary.cpp, line 21
Event: 15541.138 Thread 0x000000001ce8b000 Exception <a 'java/lang/ClassNotFoundException': org/jetbrains/plugins/gradle/tooling/builder/ExternalProjectBuilderImplCustomizer> (0x00000000e529ba08) thrown at [D:\src\AOSP-openjdk-cygwin\jdk8u\hotspot\src\share\vm\classfile\systemDictionary.cpp, line 
Event: 15541.310 Thread 0x000000001ce8b000 Exception <a 'java/lang/ClassNotFoundException': org/jetbrains/plugins/gradle/tooling/builder/ProjectExtensionsDataBuilderImplBeanInfo> (0x00000000e52e0238) thrown at [D:\src\AOSP-openjdk-cygwin\jdk8u\hotspot\src\share\vm\classfile\systemDictionary.cpp, l
Event: 15541.329 Thread 0x000000001ce8b000 Exception <a 'java/lang/ClassNotFoundException': org/jetbrains/plugins/gradle/tooling/builder/ProjectExtensionsDataBuilderImplCustomizer> (0x00000000e52e8090) thrown at [D:\src\AOSP-openjdk-cygwin\jdk8u\hotspot\src\share\vm\classfile\systemDictionary.cpp,
Event: 15543.067 Thread 0x000000001ce8b000 Exception <a 'sun/nio/fs/WindowsException'> (0x00000000e8255870) thrown at [D:\src\AOSP-openjdk-cygwin\jdk8u\hotspot\src\share\vm\prims\jni.cpp, line 709]

Events (10 events):
Event: 15542.967 Thread 0x0000000016182000 flushing nmethod 0x0000000002cbc190
Event: 15542.967 Thread 0x0000000016182000 flushing nmethod 0x0000000002d77190
Event: 15543.165 Thread 0x0000000016182000 flushing nmethod 0x00000000032124d0
Event: 15543.211 Thread 0x0000000016182000 flushing nmethod 0x00000000033241d0
Event: 15543.212 Thread 0x0000000016182000 flushing nmethod 0x0000000003423e90
Event: 15543.213 Thread 0x0000000016182000 flushing nmethod 0x0000000003561710
Event: 15543.214 Thread 0x0000000016182000 flushing nmethod 0x00000000036906d0
Event: 15543.215 Thread 0x0000000016182000 flushing nmethod 0x00000000037b1a50
Event: 15543.216 Thread 0x0000000016182000 flushing nmethod 0x00000000038ee310
Event: 15543.230 Thread 0x0000000016182000 flushing nmethod 0x0000000003b6a590


Dynamic libraries:
0x00007ff64feb0000 - 0x00007ff64fee1000 	C:\Program Files\Android\Android Studio\jre\bin\java.exe
0x00007ff81b400000 - 0x00007ff81b5ad000 	C:\Windows\SYSTEM32\ntdll.dll
0x00007ff818c40000 - 0x00007ff818d7e000 	C:\Windows\system32\KERNEL32.DLL
0x00007ff818970000 - 0x00007ff818a85000 	C:\Windows\system32\KERNELBASE.dll
0x00007ff81ad10000 - 0x00007ff81adba000 	C:\Windows\system32\ADVAPI32.dll
0x00007ff81b280000 - 0x00007ff81b3f7000 	C:\Windows\system32\USER32.dll
0x00007ff816640000 - 0x00007ff8168bb000 	C:\Windows\WinSxS\amd64_microsoft.windows.common-controls_6595b64144ccf1df_6.0.9600.18006_none_623f33d3ecbe86e8\COMCTL32.dll
0x00007ff81a6f0000 - 0x00007ff81a79a000 	C:\Windows\system32\msvcrt.dll
0x00007ff81a9e0000 - 0x00007ff81aa39000 	C:\Windows\SYSTEM32\sechost.dll
0x00007ff818e00000 - 0x00007ff818f40000 	C:\Windows\system32\RPCRT4.dll
0x00007ff818af0000 - 0x00007ff818c3b000 	C:\Windows\system32\GDI32.dll
0x00007ff818660000 - 0x00007ff81868e000 	C:\Windows\system32\SspiCli.dll
0x00007ff81aab0000 - 0x00007ff81aae6000 	C:\Windows\system32\IMM32.DLL
0x00007ff81a7b0000 - 0x00007ff81a901000 	C:\Windows\system32\MSCTF.dll
0x0000000075ae0000 - 0x0000000075bb2000 	C:\Program Files\Android\Android Studio\jre\jre\bin\msvcr100.dll
0x0000000075bc0000 - 0x00000000763fe000 	C:\Program Files\Android\Android Studio\jre\jre\bin\server\jvm.dll
0x00007ff812460000 - 0x00007ff812469000 	C:\Windows\SYSTEM32\WSOCK32.dll
0x00007ff811fb0000 - 0x00007ff811fd2000 	C:\Windows\SYSTEM32\WINMM.dll
0x00007ff8127c0000 - 0x00007ff8127ca000 	C:\Windows\SYSTEM32\VERSION.dll
0x00007ff81aa40000 - 0x00007ff81aa47000 	C:\Windows\system32\PSAPI.DLL
0x00007ff81aa50000 - 0x00007ff81aaaa000 	C:\Windows\system32\WS2_32.dll
0x00007ff811f80000 - 0x00007ff811faa000 	C:\Windows\SYSTEM32\WINMMBASE.dll
0x00007ff81a7a0000 - 0x00007ff81a7a9000 	C:\Windows\system32\NSI.dll
0x00007ff818920000 - 0x00007ff81896f000 	C:\Windows\SYSTEM32\cfgmgr32.dll
0x00007ff817370000 - 0x00007ff817398000 	C:\Windows\SYSTEM32\DEVOBJ.dll
0x00007ff811b30000 - 0x00007ff811b3f000 	C:\Program Files\Android\Android Studio\jre\jre\bin\verify.dll
0x00007ff80eb50000 - 0x00007ff80eb79000 	C:\Program Files\Android\Android Studio\jre\jre\bin\java.dll
0x00007ff80e2c0000 - 0x00007ff80e2d6000 	C:\Program Files\Android\Android Studio\jre\jre\bin\zip.dll
0x00007ff819100000 - 0x00007ff81a629000 	C:\Windows\system32\SHELL32.dll
0x00007ff81adc0000 - 0x00007ff81afd2000 	C:\Windows\SYSTEM32\combase.dll
0x00007ff818a90000 - 0x00007ff818ae4000 	C:\Windows\system32\SHLWAPI.dll
0x00007ff816ac0000 - 0x00007ff816b72000 	C:\Windows\SYSTEM32\SHCORE.dll
0x00007ff818530000 - 0x00007ff818545000 	C:\Windows\SYSTEM32\profapi.dll
0x00007ff80e2a0000 - 0x00007ff80e2ba000 	C:\Program Files\Android\Android Studio\jre\jre\bin\net.dll
0x00007ff817d60000 - 0x00007ff817db9000 	C:\Windows\system32\mswsock.dll
0x00007ff80e280000 - 0x00007ff80e291000 	C:\Program Files\Android\Android Studio\jre\jre\bin\nio.dll
0x00007ff811b40000 - 0x00007ff811b5e000 	C:\Users\Mansopresk01\.gradle\native\25\windows-amd64\native-platform.dll
0x00007ff80edc0000 - 0x00007ff80edcd000 	C:\Program Files\Android\Android Studio\jre\jre\bin\management.dll
0x00007ff817dc0000 - 0x00007ff817de0000 	C:\Windows\SYSTEM32\CRYPTSP.dll
0x00007ff8179e0000 - 0x00007ff817a16000 	C:\Windows\system32\rsaenh.dll
0x00007ff818070000 - 0x00007ff818096000 	C:\Windows\SYSTEM32\bcrypt.dll
0x00007ff817af0000 - 0x00007ff817b11000 	C:\Windows\SYSTEM32\USERENV.dll
0x00007ff818390000 - 0x00007ff8183f3000 	C:\Windows\system32\bcryptprimitives.dll
0x00007ff818400000 - 0x00007ff81840b000 	C:\Windows\SYSTEM32\CRYPTBASE.dll
0x00007ff8136a0000 - 0x00007ff8136ca000 	C:\Windows\SYSTEM32\IPHLPAPI.DLL
0x00007ff813670000 - 0x00007ff81367a000 	C:\Windows\SYSTEM32\WINNSI.DLL
0x00007ff813510000 - 0x00007ff813526000 	C:\Windows\SYSTEM32\dhcpcsvc6.DLL
0x00007ff8134f0000 - 0x00007ff81350a000 	C:\Windows\SYSTEM32\dhcpcsvc.DLL
0x00007ff80a310000 - 0x00007ff80a334000 	C:\Program Files\Android\Android Studio\jre\jre\bin\sunec.dll
0x00007ff817b60000 - 0x00007ff817c04000 	C:\Windows\SYSTEM32\DNSAPI.dll
0x00007ff80c060000 - 0x00007ff80c06a000 	C:\Windows\System32\rasadhlp.dll
0x00007ff813430000 - 0x00007ff81349b000 	C:\Windows\System32\fwpuclnt.dll
0x00007ff811b80000 - 0x00007ff811b8b000 	C:\Program Files\Android\Android Studio\jre\jre\bin\sunmscapi.dll
0x00007ff818690000 - 0x00007ff81886f000 	C:\Windows\system32\CRYPT32.dll
0x00007ff8185e0000 - 0x00007ff8185f1000 	C:\Windows\system32\MSASN1.dll
0x00007ff8086c0000 - 0x00007ff808849000 	C:\Windows\SYSTEM32\dbghelp.dll

VM Arguments:
jvm_args: -Xmx1536m -Dfile.encoding=windows-1252 -Duser.country=US -Duser.language=en -Duser.variant 
java_command: org.gradle.launcher.daemon.bootstrap.GradleDaemon 4.1
java_class_path (initial): C:\Users\Mansopresk01\.gradle\wrapper\dists\gradle-4.1-all\bzyivzo6n839fup2jbap0tjew\gradle-4.1\lib\gradle-launcher-4.1.jar
Launcher Type: SUN_STANDARD

Environment Variables:
PATH=C:\ProgramData\Oracle\Java\javapath;C:\Windows\system32;C:\Windows;C:\Windows\System32\Wbem;C:\Windows\System32\WindowsPowerShell\v1.0\;C:\Program Files (x86)\Skype\Phone\;C:\Program Files\Java\jdk-9.0.4\bin;C:\Program Files\Git\cmd;D:\flutter
USERNAME=Mansopresk01
OS=Windows_NT
PROCESSOR_IDENTIFIER=Intel64 Family 6 Model 58 Stepping 9, GenuineIntel



---------------  S Y S T E M  ---------------

OS: Windows 8.1 , 64 bit Build 9600 (6.3.9600.17415)

CPU:total 4 (initial active 4) (2 cores per cpu, 2 threads per core) family 6 model 58 stepping 9, cmov, cx8, fxsr, mmx, sse, sse2, sse3, ssse3, sse4.1, sse4.2, popcnt, avx, clmul, erms, ht, tsc, tscinvbit, tscinv

Memory: 4k page, physical 8082384k(5740120k free), swap 16208848k(13197936k free)

vm_info: OpenJDK 64-Bit Server VM (25.152-b01) for windows-amd64 JRE (1.8.0_152-release-915-b01), built by "builder" with MS VC++ 10.0 (VS2010)

time: Wed Jul 25 13:31:57 2018
elapsed time: 15543 seconds (0d 4h 19m 3s)

